[LOG] System::create                           : Header version = 2.02.08. Current version = 2.02.08.
[LOG] Manager::init                            : maxchannels = 256 studioflags = 00000006 flags 00000000 extradriverdata 0x0.
[LOG] SystemI::init                            : Initialize version=20208 (126901), maxchannels=256, flags=0x00020000
[LOG] SystemI::setOutputInternal               : Setting output to 'FMOD Core Audio Output'
[LOG] OutputCoreAudio::init                    : Output running 2 channels at 44100Hz sample rate.
[LOG] OutputCoreAudio::init                    : Maximum hardware read size: 512 samples, Software buffer size: 512 samples, Number of software buffers: 4.
[LOG] SystemI::init                            : Output requires a sample rate of 44100Hz, resampling will occur.
[LOG] Thread::initThread                       : Init FMOD stream thread. Affinity: 0x4000000000000003, Priority: 0xFFFF7FFB, Stack Size: 98304, Semaphore: No, Sleep Time: 10, Looping: Yes.
[LOG] Thread::initThread                       : Init FMOD mixer thread. Affinity: 0x4000000000000001, Priority: 0xFFFF7FFA, Stack Size: 81920, Semaphore: Yes, Sleep Time: 0, Looping: Yes.
[LOG] AsyncManager::init                       : manager 0x7ff9af502008 isAsync 0 updatePeriod 0.02
[LOG] AsyncManager::init                       : done
[LOG] PlaybackSystem::init                     : 
[LOG] Thread::initThread                       : Init FMOD Studio sample load thread. Affinity: 0x4000000000000003, Priority: 0xFFFF7FFD, Stack Size: 98304, Semaphore: No, Sleep Time: 1, Looping: No.
[LOG] PlaybackSystem::init                     : done
[LOG] Thread::initThread                       : Init FMOD Studio bank load thread. Affinity: 0x4000000000000003, Priority: 0xFFFF7FFD, Stack Size: 98304, Semaphore: No, Sleep Time: 1, Looping: No.
[LOG] Manager::init                            : done.
[LOG] Manager::readBank                        : fileversion = 142, compatVersion = 140 (oldest = 44, newest = 142)
[LOG] Manager::readBank                        : fileversion = 142, compatVersion = 140 (oldest = 44, newest = 142)
[LOG] Manager::readBank                        : fileversion = 142, compatVersion = 140 (oldest = 44, newest = 142)
[LOG] PlaybackSystem::acquireMasterBus         : Setting master channel group format to 6
[LOG] SystemI::mixerSuspend                    : Suspending output.
[LOG] AsyncThread::threadFunc                  : Starting Asynchronous operation on sound 0x7ff9b34c8468
[LOG] SystemI::createSoundInternal             :     Create name='', mode=0x02000202
[LOG] SystemI::createSoundInternal             :     exinfo->cbsize             = 224
[LOG] SystemI::createSoundInternal             :     exinfo->length             = 800832
[LOG] SystemI::createSoundInternal             :     exinfo->fileoffset         = 37920
[LOG] SystemI::createSoundInternal             :     exinfo->numsubsounds       = 1
[LOG] SystemI::createSoundInternal             :     exinfo->inclusionlist      = 0x7000029368ac
[LOG] SystemI::createSoundInternal             :     exinfo->inclusionlistnum   = 1
[LOG] SystemI::createSoundInternal             :     exinfo->suggestedsoundtype = 5
[LOG] SystemI::createSoundInternal             :     exinfo->useropen           = 0x18ae35c42
[LOG] SystemI::createSoundInternal             :     exinfo->userclose          = 0x18ae35d00
[LOG] SystemI::createSoundInternal             :     exinfo->userread           = 0x18ae35d33
[LOG] SystemI::createSoundInternal             :     exinfo->userseek           = 0x18ae35dd1
[LOG] SystemI::createSoundInternal             :     exinfo->fileuserdata       = 0x7ff9b276b068
[LOG] SystemI::createSoundInternal             :     exinfo->initialseekpostype = 1
[LOG] SystemI::DSPCodecPoolRegister            :     register codec pool for pool type 5
[LOG] SystemI::createSoundInternal             :     Sample 0/1: name='bug_footsteps_03', format=5, channels=1, frequency=48000, lengthbytes=1888, lengthpcm=15308, pcmblocksize=0, loopstart=0, loopend=0, mode=0x00000000, channelmask=0x00000000, channelorder=0, peakvolume=0.999969.
[LOG] SystemI::createSoundInternal             :     Create name='', mode=0x02000202
[LOG] SystemI::createSoundInternal             :     exinfo->cbsize             = 224
[LOG] SystemI::createSoundInternal             :     exinfo->length             = 800832
[LOG] SystemI::createSoundInternal             :     exinfo->fileoffset         = 37920
[LOG] SystemI::createSoundInternal             :     exinfo->numsubsounds       = 1
[LOG] SystemI::createSoundInternal             :     exinfo->inclusionlist      = 0x7000029368ac
[LOG] SystemI::createSoundInternal             :     exinfo->inclusionlistnum   = 1
[LOG] SystemI::createSoundInternal             :     exinfo->suggestedsoundtype = 5
[LOG] SystemI::createSoundInternal             :     exinfo->useropen           = 0x18ae35c42
[LOG] SystemI::createSoundInternal             :     exinfo->userclose          = 0x18ae35d00
[LOG] SystemI::createSoundInternal             :     exinfo->userread           = 0x18ae35d33
[LOG] SystemI::createSoundInternal             :     exinfo->userseek           = 0x18ae35dd1
[LOG] SystemI::createSoundInternal             :     exinfo->fileuserdata       = 0x7ff9b276b068
[LOG] SystemI::createSoundInternal             :     exinfo->initialseekpostype = 1
[LOG] SystemI::DSPCodecPoolRegister            :     register codec pool for pool type 5
[LOG] SystemI::createSoundInternal             :     Sample 0/1: name='bug_footsteps_04', format=5, channels=1, frequency=48000, lengthbytes=1792, lengthpcm=15308, pcmblocksize=0, loopstart=0, loopend=0, mode=0x00000000, channelmask=0x00000000, channelorder=0, peakvolume=0.999969.
[LOG] SystemI::createSoundInternal             :     Create name='', mode=0x02000202
[LOG] SystemI::createSoundInternal             :     exinfo->cbsize             = 224
[LOG] SystemI::createSoundInternal             :     exinfo->length             = 800832
[LOG] SystemI::createSoundInternal             :     exinfo->fileoffset         = 37920
[LOG] SystemI::createSoundInternal             :     exinfo->numsubsounds       = 1
[LOG] SystemI::createSoundInternal             :     exinfo->inclusionlist      = 0x7000029368ac
[LOG] SystemI::createSoundInternal             :     exinfo->inclusionlistnum   = 1
[LOG] SystemI::createSoundInternal             :     exinfo->suggestedsoundtype = 5
[LOG] SystemI::createSoundInternal             :     exinfo->useropen           = 0x18ae35c42
[LOG] SystemI::createSoundInternal             :     exinfo->userclose          = 0x18ae35d00
[LOG] SystemI::createSoundInternal             :     exinfo->userread           = 0x18ae35d33
[LOG] SystemI::createSoundInternal             :     exinfo->userseek           = 0x18ae35dd1
[LOG] SystemI::createSoundInternal             :     exinfo->fileuserdata       = 0x7ff9b276b068
[LOG] SystemI::createSoundInternal             :     exinfo->initialseekpostype = 1
[LOG] SystemI::DSPCodecPoolRegister            :     register codec pool for pool type 5
[LOG] SystemI::createSoundInternal             :     Sample 0/1: name='bug_footsteps_01', format=5, channels=1, frequency=48000, lengthbytes=1728, lengthpcm=15308, pcmblocksize=0, loopstart=0, loopend=0, mode=0x00000000, channelmask=0x00000000, channelorder=0, peakvolume=0.904999.
[LOG] SystemI::createSoundInternal             :     Create name='', mode=0x02000202
[LOG] SystemI::createSoundInternal             :     exinfo->cbsize             = 224
[LOG] SystemI::createSoundInternal             :     exinfo->length             = 800832
[LOG] SystemI::createSoundInternal             :     exinfo->fileoffset         = 37920
[LOG] SystemI::createSoundInternal             :     exinfo->numsubsounds       = 1
[LOG] SystemI::createSoundInternal             :     exinfo->inclusionlist      = 0x7000029368ac
[LOG] SystemI::createSoundInternal             :     exinfo->inclusionlistnum   = 1
[LOG] SystemI::createSoundInternal             :     exinfo->suggestedsoundtype = 5
[LOG] SystemI::createSoundInternal             :     exinfo->useropen           = 0x18ae35c42
[LOG] SystemI::createSoundInternal             :     exinfo->userclose          = 0x18ae35d00
[LOG] SystemI::createSoundInternal             :     exinfo->userread           = 0x18ae35d33
[LOG] SystemI::createSoundInternal             :     exinfo->userseek           = 0x18ae35dd1
[LOG] SystemI::createSoundInternal             :     exinfo->fileuserdata       = 0x7ff9b276b068
[LOG] SystemI::createSoundInternal             :     exinfo->initialseekpostype = 1
[LOG] SystemI::DSPCodecPoolRegister            :     register codec pool for pool type 5
[LOG] SystemI::createSoundInternal             :     Sample 0/1: name='bug_footsteps_02', format=5, channels=1, frequency=48000, lengthbytes=1952, lengthpcm=15308, pcmblocksize=0, loopstart=0, loopend=0, mode=0x00000000, channelmask=0x00000000, channelorder=0, peakvolume=0.999969.
[LOG] SystemI::createSoundInternal             :     Create name='', mode=0x02000202
[LOG] SystemI::createSoundInternal             :     exinfo->cbsize             = 224
[LOG] SystemI::createSoundInternal             :     exinfo->length             = 800832
[LOG] SystemI::createSoundInternal             :     exinfo->fileoffset         = 37920
[LOG] SystemI::createSoundInternal             :     exinfo->numsubsounds       = 1
[LOG] SystemI::createSoundInternal             :     exinfo->inclusionlist      = 0x7000029368ac
[LOG] SystemI::createSoundInternal             :     exinfo->inclusionlistnum   = 1
[LOG] SystemI::createSoundInternal             :     exinfo->suggestedsoundtype = 5
[LOG] SystemI::createSoundInternal             :     exinfo->useropen           = 0x18ae35c42
[LOG] SystemI::createSoundInternal             :     exinfo->userclose          = 0x18ae35d00
[LOG] SystemI::createSoundInternal             :     exinfo->userread           = 0x18ae35d33
[LOG] SystemI::createSoundInternal             :     exinfo->userseek           = 0x18ae35dd1
[LOG] SystemI::createSoundInternal             :     exinfo->fileuserdata       = 0x7ff9b276b068
[LOG] SystemI::createSoundInternal             :     exinfo->initialseekpostype = 1
[LOG] SystemI::DSPCodecPoolRegister            :     register codec pool for pool type 5
[LOG] SystemI::createSoundInternal             :     Sample 0/1: name='bug_footsteps_06', format=5, channels=1, frequency=48000, lengthbytes=1760, lengthpcm=15308, pcmblocksize=0, loopstart=0, loopend=0, mode=0x00000000, channelmask=0x00000000, channelorder=0, peakvolume=0.999969.
[LOG] SystemI::createSoundInternal             :     Create name='', mode=0x02000202
[LOG] SystemI::createSoundInternal             :     exinfo->cbsize             = 224
[LOG] SystemI::createSoundInternal             :     exinfo->length             = 800832
[LOG] SystemI::createSoundInternal             :     exinfo->fileoffset         = 37920
[LOG] SystemI::createSoundInternal             :     exinfo->numsubsounds       = 1
[LOG] SystemI::createSoundInternal             :     exinfo->inclusionlist      = 0x7000029368ac
[LOG] SystemI::createSoundInternal             :     exinfo->inclusionlistnum   = 1
[LOG] SystemI::createSoundInternal             :     exinfo->suggestedsoundtype = 5
[LOG] SystemI::createSoundInternal             :     exinfo->useropen           = 0x18ae35c42
[LOG] SystemI::createSoundInternal             :     exinfo->userclose          = 0x18ae35d00
[LOG] SystemI::createSoundInternal             :     exinfo->userread           = 0x18ae35d33
[LOG] SystemI::createSoundInternal             :     exinfo->userseek           = 0x18ae35dd1
[LOG] SystemI::createSoundInternal             :     exinfo->fileuserdata       = 0x7ff9b276b068
[LOG] SystemI::createSoundInternal             :     exinfo->initialseekpostype = 1
[LOG] SystemI::DSPCodecPoolRegister            :     register codec pool for pool type 5
[LOG] SystemI::createSoundInternal             :     Sample 0/1: name='bug_footsteps_07', format=5, channels=1, frequency=48000, lengthbytes=1760, lengthpcm=15308, pcmblocksize=0, loopstart=0, loopend=0, mode=0x00000000, channelmask=0x00000000, channelorder=0, peakvolume=0.999969.
[LOG] SystemI::createSoundInternal             :     Create name='', mode=0x02000202
[LOG] SystemI::createSoundInternal             :     exinfo->cbsize             = 224
[LOG] SystemI::createSoundInternal             :     exinfo->length             = 800832
[LOG] SystemI::createSoundInternal             :     exinfo->fileoffset         = 37920
[LOG] SystemI::createSoundInternal             :     exinfo->numsubsounds       = 1
[LOG] SystemI::createSoundInternal             :     exinfo->inclusionlist      = 0x7000029368ac
[LOG] SystemI::createSoundInternal             :     exinfo->inclusionlistnum   = 1
[LOG] SystemI::createSoundInternal             :     exinfo->suggestedsoundtype = 5
[LOG] SystemI::createSoundInternal             :     exinfo->useropen           = 0x18ae35c42
[LOG] SystemI::createSoundInternal             :     exinfo->userclose          = 0x18ae35d00
[LOG] SystemI::createSoundInternal             :     exinfo->userread           = 0x18ae35d33
[LOG] SystemI::createSoundInternal             :     exinfo->userseek           = 0x18ae35dd1
[LOG] SystemI::createSoundInternal             :     exinfo->fileuserdata       = 0x7ff9b276b068
[LOG] SystemI::createSoundInternal             :     exinfo->initialseekpostype = 1
[LOG] SystemI::DSPCodecPoolRegister            :     register codec pool for pool type 5
[LOG] SystemI::createSoundInternal             :     Sample 0/1: name='bug_footsteps_05', format=5, channels=1, frequency=48000, lengthbytes=1728, lengthpcm=15308, pcmblocksize=0, loopstart=0, loopend=0, mode=0x00000000, channelmask=0x00000000, channelorder=0, peakvolume=0.999969.
[LOG] AsyncThread::threadFunc                  : Finished Asynchronous operation on sound 0x7ff9b34c8468
[LOG] AsyncThread::threadFunc                  : Starting Asynchronous operation on sound 0x7ff9b2d39978
[LOG] AsyncThread::threadFunc                  : Finished Asynchronous operation on sound 0x7ff9b2d39978
[LOG] SoundI::release                          : ambience_frogs_01 (0x7ff9b2d3cab8)
[LOG] SoundI::release                          :     ambience_frogs_01 (0x7ff9b2d397e8)
[LOG] SoundI::release                          :     ambience_frogs_01 (0x7ff9b2d39978)
[LOG] SoundI::release                          : ambience_room_01 (0x7ff9979e01a8)
[LOG] SoundI::release                          :     ambience_room_01 (0x7ff997a7b4a8)
[LOG] SoundI::release                          :     ambience_room_01 (0x7ff9b34c8468)
[LOG] SoundI::release                          :  (0x7ff997bc6f78)
[LOG] SoundI::release                          :     bug_footsteps_02 (0x7ff9aa70a568)
[LOG] SoundI::release                          :  (0x7ff997bea3c8)
[LOG] SoundI::release                          :     bug_footsteps_03 (0x7ff9b37147f8)
[LOG] SoundI::release                          :  (0x7ff99734be08)
[LOG] SoundI::release                          :     bug_footsteps_04 (0x7ff997e2a3a8)
[LOG] SoundI::release                          :  (0x7ff997941c68)
[LOG] SoundI::release                          :     bug_footsteps_05 (0x7ff9aa0ebb68)
[LOG] SoundI::release                          :  (0x7ff997979ee8)
[LOG] SoundI::release                          :     bug_footsteps_06 (0x7ff9aa441088)
[LOG] SoundI::release                          :  (0x7ff9aa03f738)
[LOG] SoundI::release                          :     bug_footsteps_07 (0x7ff9aa069ad8)
[LOG] SoundI::release                          :  (0x7ff9b371e998)
[LOG] SoundI::release                          :     bug_footsteps_01 (0x7ff9aa7c65c8)
[LOG] Thread::callback                         : FMOD Studio update thread finished.
[LOG] Thread::callback                         : FMOD Studio bank load thread finished.
[LOG] Profile::disconnectAll                   : Profiler disconnecting all clients
[LOG] Thread::callback                         : FMOD Studio sample load thread finished.
[LOG] LiveUpdate::release                      : 
[LOG] LiveUpdate::reset                        : Reset connection (reason Disconnected)
[LOG] Thread::callback                         : FMOD stream thread finished.
[LOG] Thread::callback                         : FMOD mixer thread finished.
[LOG] Profile::disconnectAll                   : Profiler disconnecting all clients
[LOG] SystemI::close                           : Closed.
